<?xml version="1.0" encoding="UTF-8"?>
<!-- Generated by org.testng.reporters.JUnitXMLReporter -->
<testsuite ignored="0" hostname="DESKTOP-5GFQOGL" failures="0" tests="7" name="Default test" time="60.309" errors="0" timestamp="2023-04-13T00:09:16 IST">
  <testcase classname="com.training.sanity.tests.MXvdesiTests" name="TC_158_TC_159" time="3.524"/>
  <testcase classname="com.training.sanity.tests.MXvdesiTests" name="TC_160_TC_161" time="15.785"/>
  <testcase classname="com.training.sanity.tests.MXvdesiTests" name="TC_167" time="6.757"/>
  <testcase classname="com.training.sanity.tests.MXvdesiTests" name="TC_169" time="1.259"/>
  <testcase classname="com.training.sanity.tests.MXvdesiTests" name="TC_173" time="6.322"/>
  <testcase classname="com.training.sanity.tests.MXvdesiTests" name="TC_171" time="5.308"/>
  <testcase classname="com.training.sanity.tests.MXvdesiTests" name="TC_175" time="10.245"/>
</testsuite> <!-- Default test -->
