<?xml version="1.0" encoding="UTF-8"?>
<testng-results ignored="0" total="7" passed="7" failed="0" skipped="0">
  <reporter-output>
  </reporter-output>
  <suite started-at="2023-04-13T00:08:16 IST" name="Default suite" finished-at="2023-04-13T00:09:16 IST" duration-ms="60309">
    <groups>
    </groups>
    <test started-at="2023-04-13T00:08:16 IST" name="Default test" finished-at="2023-04-13T00:09:16 IST" duration-ms="60309">
      <class name="com.training.sanity.tests.MXvdesiTests">
        <test-method is-config="true" signature="setUp()[pri:0, instance:com.training.sanity.tests.MXvdesiTests@2a798d51]" started-at="2023-04-13T00:08:16 IST" name="setUp" finished-at="2023-04-13T00:08:27 IST" duration-ms="10930" status="PASS">
          <reporter-output>
          </reporter-output>
        </test-method> <!-- setUp -->
        <test-method signature="TC_158_TC_159()[pri:1, instance:com.training.sanity.tests.MXvdesiTests@2a798d51]" started-at="2023-04-13T00:08:27 IST" name="TC_158_TC_159" finished-at="2023-04-13T00:08:30 IST" duration-ms="3524" status="PASS">
          <reporter-output>
          </reporter-output>
        </test-method> <!-- TC_158_TC_159 -->
        <test-method signature="TC_160_TC_161()[pri:2, instance:com.training.sanity.tests.MXvdesiTests@2a798d51]" started-at="2023-04-13T00:08:30 IST" name="TC_160_TC_161" finished-at="2023-04-13T00:08:46 IST" duration-ms="15785" status="PASS">
          <reporter-output>
          </reporter-output>
        </test-method> <!-- TC_160_TC_161 -->
        <test-method signature="TC_167()[pri:3, instance:com.training.sanity.tests.MXvdesiTests@2a798d51]" started-at="2023-04-13T00:08:46 IST" name="TC_167" finished-at="2023-04-13T00:08:53 IST" duration-ms="6757" status="PASS">
          <reporter-output>
          </reporter-output>
        </test-method> <!-- TC_167 -->
        <test-method signature="TC_169()[pri:4, instance:com.training.sanity.tests.MXvdesiTests@2a798d51]" started-at="2023-04-13T00:08:53 IST" name="TC_169" finished-at="2023-04-13T00:08:54 IST" duration-ms="1259" status="PASS">
          <reporter-output>
          </reporter-output>
        </test-method> <!-- TC_169 -->
        <test-method signature="TC_173()[pri:5, instance:com.training.sanity.tests.MXvdesiTests@2a798d51]" started-at="2023-04-13T00:08:54 IST" name="TC_173" finished-at="2023-04-13T00:09:01 IST" duration-ms="6322" status="PASS">
          <reporter-output>
          </reporter-output>
        </test-method> <!-- TC_173 -->
        <test-method signature="TC_171()[pri:6, instance:com.training.sanity.tests.MXvdesiTests@2a798d51]" started-at="2023-04-13T00:09:01 IST" name="TC_171" finished-at="2023-04-13T00:09:06 IST" duration-ms="5308" status="PASS">
          <reporter-output>
          </reporter-output>
        </test-method> <!-- TC_171 -->
        <test-method signature="TC_175()[pri:6, instance:com.training.sanity.tests.MXvdesiTests@2a798d51]" started-at="2023-04-13T00:09:06 IST" name="TC_175" finished-at="2023-04-13T00:09:16 IST" duration-ms="10245" status="PASS">
          <reporter-output>
          </reporter-output>
        </test-method> <!-- TC_175 -->
      </class> <!-- com.training.sanity.tests.MXvdesiTests -->
    </test> <!-- Default test -->
  </suite> <!-- Default suite -->
</testng-results>
